<?xml version="1.0" encoding="UTF-8"?>
<!-- Generated by org.testng.reporters.JUnitReportReporter -->
<testsuite hostname="MSI" failures="0" tests="10" name="com.automation.test.DataDrivenTesting" time="0.038" errors="0" timestamp="2023-01-26T19:07:23 IST" skipped="0">
  <testcase classname="com.automation.test.DataDrivenTesting" name="verifyTransactionWithInvalidAmount" time="0.005"/>
  <system-out/>
  <testcase classname="com.automation.test.DataDrivenTesting" name="verifyTransactionWithValidAmount" time="0.005"/>
  <system-out/>
  <testcase classname="com.automation.test.DataDrivenTesting" name="verifyTransactionWithValidAmount" time="0.003"/>
  <system-out/>
  <testcase classname="com.automation.test.DataDrivenTesting" name="verifyTransactionWithValidAmount" time="0.001"/>
  <system-out/>
  <testcase classname="com.automation.test.DataDrivenTesting" name="verifyTransactionWithInvalidAmount" time="0.001"/>
  <system-out/>
  <testcase classname="com.automation.test.DataDrivenTesting" name="verifyTransactionWithInvalidAmount" time="0.002"/>
  <system-out/>
  <testcase classname="com.automation.test.DataDrivenTesting" name="verifyTransactionWithValidAmount" time="0.002"/>
  <system-out/>
  <testcase classname="com.automation.test.DataDrivenTesting" name="verifyTransactionWithValidAmount" time="0.003"/>
  <system-out/>
  <testcase classname="com.automation.test.DataDrivenTesting" name="verifyTransactionWithInvalidAmount" time="0.003"/>
  <system-out/>
  <testcase classname="com.automation.test.DataDrivenTesting" name="verifyTransactionWithInvalidAmount" time="0.013"/>
  <system-out/>
</testsuite> <!-- com.automation.test.DataDrivenTesting -->
