<?xml version="1.0" encoding="UTF-8"?>
<!-- Generated by org.testng.reporters.JUnitReportReporter -->
<testsuite hostname="MSI" failures="0" tests="2" name="com.automation.test.ProductDetailPageTest" time="6.646" errors="0" timestamp="2023-01-24T19:43:32 IST" skipped="0">
  <testcase classname="com.automation.test.ProductDetailPageTest" name="verifyStockInformation" time="4.076"/>
  <system-out/>
  <testcase classname="com.automation.test.ProductDetailPageTest" name="verifyPriceOnProductDetailPage" time="2.570"/>
  <system-out/>
</testsuite> <!-- com.automation.test.ProductDetailPageTest -->
